<?xml version="1.0" encoding="UTF-8"?>
<!-- Generated by org.testng.reporters.JUnitReportReporter -->
<testsuite skipped="0" hostname="slusiva-PC" name="com.qa.test.DemoTest" tests="1" failures="0" timestamp="10 Apr 2019 18:59:20 GMT" time="0.081" errors="0">
  <testcase name="Sub" time="0.081" classname="com.qa.test.DemoTest"/>
</testsuite> <!-- com.qa.test.DemoTest -->
