<?xml version="1.0" encoding="UTF-8"?>
<!-- Generated by org.testng.reporters.JUnitReportReporter -->
<testsuite skipped="0" hostname="slusiva-PC" name="com.qa.test.DemoTest" tests="2" failures="0" timestamp="24 Apr 2019 20:34:46 GMT" time="0.016" errors="0">
  <testcase name="Sum" time="0.000" classname="com.qa.test.DemoTest"/>
  <testcase name="Sub" time="0.016" classname="com.qa.test.DemoTest"/>
</testsuite> <!-- com.qa.test.DemoTest -->
